----翻译失败----[E][22/11/24 09:08:22.194][MainAdapter\ProtocolEngine.cs-197][9]- CRC is wrong: 33-BB-80-06-5A-00-06-00-F4-02-71-00
----翻译失败----[E][22/11/24 09:18:47.554][MainAdapter\ProtocolEngine.cs-197][15]- CRC is wrong: 33-BB-00-06-93-00-00-00-C0-A5-5A-00
----翻译失败----[E][22/11/24 09:19:57.550][MainAdapter\ProtocolEngine.cs-197][16]- CRC is wrong: A5-5A-F0-06-2E-40-80-BD-67-A5-5A-00
----翻译失败----[E][22/11/24 09:23:25.313][MainAdapter\ProtocolEngine.cs-197][9]- CRC is wrong: 33-BB-00-06-93-33-BB-00-06-93-00-00
----翻译失败----[E][22/11/24 09:25:09.562][MainAdapter\ProtocolEngine.cs-197][14]- CRC is wrong: 33-BB-00-06-A5-5A-00-06-00-F4-02-71
----翻译失败----[E][22/11/24 09:26:07.562][MainAdapter\ProtocolEngine.cs-197][14]- CRC is wrong: A5-5A-00-06-00-F4-02-71-00-F1-A5-5A
----翻译失败----[E][22/11/24 09:28:48.255][MainAdapter\ProtocolEngine.cs-197][9]- CRC is wrong: A5-5A-00-06-40-B4-FA-A5-5A-00-06-00
----翻译失败----[E][22/11/24 09:30:58.258][MainAdapter\ProtocolEngine.cs-197][9]- CRC is wrong: A5-5A-00-06-00-74-02-73-FF-A5-5A-00
----翻译失败----[E][22/11/24 09:33:07.532][MainAdapter\ProtocolEngine.cs-197][14]- CRC is wrong: A5-5A-C0-06-BB-00-06-83-00-00-00-00
----翻译失败----[E][22/11/24 09:33:46.261][MainAdapter\ProtocolEngine.cs-197][14]- CRC is wrong: 33-BB-00-06-8E-00-FF-E5-90-10-20-7D
----翻译失败----[E][22/11/24 09:34:56.260][MainAdapter\ProtocolEngine.cs-197][10]- CRC is wrong: A5-5A-00-06-00-F4-02-75-00-FE-A5-5A
----翻译失败----[E][22/11/24 09:35:12.261][MainAdapter\ProtocolEngine.cs-197][9]- CRC is wrong: A5-5A-00-06-A5-5A-00-E6-A5-5A-00-06
----翻译失败----[E][22/11/24 09:35:42.737][MainAdapter\ProtocolEngine.cs-197][9]- CRC is wrong: A5-5A-00-06-00-F4-02-75-00-FF-33-BB
----翻译失败----[E][22/11/24 09:36:58.264][MainAdapter\ProtocolEngine.cs-197][16]- CRC is wrong: A5-5A-00-06-FC-A5-5A-00-06-00-F4-02
----翻译失败----[E][22/11/24 09:38:00.263][MainAdapter\ProtocolEngine.cs-197][16]- CRC is wrong: A5-5A-00-06-00-F4-02-75-FE-A5-5A-00
----翻译失败----[E][22/11/24 09:38:54.954][MainAdapter\ProtocolEngine.cs-197][14]- CRC is wrong: A5-5A-00-06-00-F4-02-FF-A5-5A-F8-33
----翻译失败----[E][22/11/24 14:08:03.007][MainAdapter\ProtocolEngine.cs-197][10]- CRC is wrong: 33-BB-00-06-93-00-80-A5-5A-E0-A5-5A
----翻译失败----[E][22/11/24 14:09:29.008][MainAdapter\ProtocolEngine.cs-197][11]- CRC is wrong: 33-BB-00-06-A5-5A-00-06-00-F4-03-28
----翻译失败----[E][22/11/24 14:09:31.009][MainAdapter\ProtocolEngine.cs-197][13]- CRC is wrong: 33-BB-00-06-5A-00-06-00-F4-03-27-00
----翻译失败----[E][22/11/24 14:09:53.008][MainAdapter\ProtocolEngine.cs-197][10]- CRC is wrong: A5-5A-00-06-00-FF-A5-5A-00-06-00-F4
----翻译失败----[E][22/11/24 14:10:19.009][MainAdapter\ProtocolEngine.cs-197][10]- CRC is wrong: 33-BB-00-06-8A-00-00-00-00-A5-5A-00
----翻译失败----[E][22/11/24 14:30:18.093][MainAdapter\ProtocolEngine.cs-197][11]- CRC is wrong: A5-5A-00-06-00-F4-03-A3-33-BB-00-06
----翻译失败----[E][22/11/24 14:31:06.268][MainAdapter\ProtocolEngine.cs-197][12]- CRC is wrong: A5-5A-00-06-FE-82-36-FF-A5-5A-00-06
----翻译失败----[E][22/11/24 14:31:14.269][MainAdapter\ProtocolEngine.cs-197][9]- CRC is wrong: 33-BB-00-06-82-FA-A5-5A-00-06-00-F4
----翻译失败----[E][22/11/24 14:31:38.158][MainAdapter\ProtocolEngine.cs-197][13]- CRC is wrong: A5-5A-00-06-00-F4-03-23-80-A5-FE-33
----翻译失败----[E][22/11/24 14:32:00.269][MainAdapter\ProtocolEngine.cs-197][11]- CRC is wrong: A5-5A-00-06-00-A5-5A-00-06-00-F4-03
